L 05/10/2020 - 00:13:03: Start of error session.
L 05/10/2020 - 00:13:03: Info (map "zm_ice_attack") (file "addons/amxmodx/logs/error_20200510.log")
L 05/10/2020 - 00:13:03: [AMXX] Invalid Plugin (plugin "zp50_item_antidote_gun.amxx")
L 05/10/2020 - 00:20:26: Start of error session.
L 05/10/2020 - 00:20:26: Info (map "zm_minecraft") (file "addons/amxmodx/logs/error_20200510.log")
L 05/10/2020 - 00:20:26: [AMXX] Invalid Plugin (plugin "zp50_item_antidote_gun.amxx")
L 05/10/2020 - 00:43:14: Start of error session.
L 05/10/2020 - 00:43:14: Info (map "zm_minecraft") (file "addons/amxmodx/logs/error_20200510.log")
L 05/10/2020 - 00:43:14: [AMXX] Invalid Plugin (plugin "zp50_item_antidote_gun.amxx")
L 05/10/2020 - 01:11:54: Start of error session.
L 05/10/2020 - 01:11:54: Info (map "zm_assault_attack") (file "addons/amxmodx/logs/error_20200510.log")
L 05/10/2020 - 01:11:54: [AMXX] Invalid Plugin (plugin "zp50_item_antidote_gun.amxx")
L 05/10/2020 - 01:13:25: Start of error session.
L 05/10/2020 - 01:13:25: Info (map "zm_assault_attack") (file "addons/amxmodx/logs/error_20200510.log")
L 05/10/2020 - 01:13:25: [AMXX] Invalid Plugin (plugin "zp50_item_antidote_gun.amxx")
L 05/10/2020 - 01:43:36: Start of error session.
L 05/10/2020 - 01:43:36: Info (map "zm_dust2_2x2") (file "addons/amxmodx/logs/error_20200510.log")
L 05/10/2020 - 01:43:36: [AMXX] Invalid Plugin (plugin "zp50_item_antidote_gun.amxx")
L 05/10/2020 - 02:03:21: Start of error session.
L 05/10/2020 - 02:03:21: Info (map "zm_dust2_2x2") (file "addons/amxmodx/logs/error_20200510.log")
L 05/10/2020 - 02:03:21: [AMXX] Invalid Plugin (plugin "zp50_item_antidote_gun.amxx")
L 05/10/2020 - 02:13:47: Start of error session.
L 05/10/2020 - 02:13:47: Info (map "zm_ice_attack") (file "addons/amxmodx/logs/error_20200510.log")
L 05/10/2020 - 02:13:47: [AMXX] Invalid Plugin (plugin "zp50_item_antidote_gun.amxx")
L 05/10/2020 - 02:43:58: Start of error session.
L 05/10/2020 - 02:43:58: Info (map "zm_minecraft") (file "addons/amxmodx/logs/error_20200510.log")
L 05/10/2020 - 02:43:58: [AMXX] Invalid Plugin (plugin "zp50_item_antidote_gun.amxx")
L 05/10/2020 - 02:54:49: Start of error session.
L 05/10/2020 - 02:54:49: Info (map "zm_ice_attack") (file "addons/amxmodx/logs/error_20200510.log")
L 05/10/2020 - 02:54:49: [AMXX] Invalid Plugin (plugin "zp50_item_antidote_gun.amxx")
L 05/10/2020 - 03:14:08: Start of error session.
L 05/10/2020 - 03:14:08: Info (map "zm_assault_attack") (file "addons/amxmodx/logs/error_20200510.log")
L 05/10/2020 - 03:14:08: [AMXX] Invalid Plugin (plugin "zp50_item_antidote_gun.amxx")
L 05/10/2020 - 03:44:19: Start of error session.
L 05/10/2020 - 03:44:19: Info (map "zm_dust2_2x2") (file "addons/amxmodx/logs/error_20200510.log")
L 05/10/2020 - 03:44:19: [AMXX] Invalid Plugin (plugin "zp50_item_antidote_gun.amxx")
L 05/10/2020 - 03:46:17: Start of error session.
L 05/10/2020 - 03:46:17: Info (map "zm_minecraft") (file "addons/amxmodx/logs/error_20200510.log")
L 05/10/2020 - 03:46:17: [AMXX] Invalid Plugin (plugin "zp50_item_antidote_gun.amxx")
L 05/10/2020 - 04:14:30: Start of error session.
L 05/10/2020 - 04:14:30: Info (map "zm_ice_attack") (file "addons/amxmodx/logs/error_20200510.log")
L 05/10/2020 - 04:14:30: [AMXX] Invalid Plugin (plugin "zp50_item_antidote_gun.amxx")
L 05/10/2020 - 04:37:44: Start of error session.
L 05/10/2020 - 04:37:44: Info (map "zm_assault_attack") (file "addons/amxmodx/logs/error_20200510.log")
L 05/10/2020 - 04:37:44: [AMXX] Invalid Plugin (plugin "zp50_item_antidote_gun.amxx")
L 05/10/2020 - 04:44:41: Start of error session.
L 05/10/2020 - 04:44:41: Info (map "zm_minecraft") (file "addons/amxmodx/logs/error_20200510.log")
L 05/10/2020 - 04:44:41: [AMXX] Invalid Plugin (plugin "zp50_item_antidote_gun.amxx")
L 05/10/2020 - 05:14:52: Start of error session.
L 05/10/2020 - 05:14:52: Info (map "zm_assault_attack") (file "addons/amxmodx/logs/error_20200510.log")
L 05/10/2020 - 05:14:52: [AMXX] Invalid Plugin (plugin "zp50_item_antidote_gun.amxx")
L 05/10/2020 - 05:29:15: Start of error session.
L 05/10/2020 - 05:29:15: Info (map "zm_dust2_2x2") (file "addons/amxmodx/logs/error_20200510.log")
L 05/10/2020 - 05:29:15: [AMXX] Invalid Plugin (plugin "zp50_item_antidote_gun.amxx")
L 05/10/2020 - 05:45:02: Start of error session.
L 05/10/2020 - 05:45:02: Info (map "zm_dust2_2x2") (file "addons/amxmodx/logs/error_20200510.log")
L 05/10/2020 - 05:45:02: [AMXX] Invalid Plugin (plugin "zp50_item_antidote_gun.amxx")
L 05/10/2020 - 06:15:13: Start of error session.
L 05/10/2020 - 06:15:13: Info (map "zm_ice_attack") (file "addons/amxmodx/logs/error_20200510.log")
L 05/10/2020 - 06:15:13: [AMXX] Invalid Plugin (plugin "zp50_item_antidote_gun.amxx")
L 05/10/2020 - 06:20:42: Start of error session.
L 05/10/2020 - 06:20:42: Info (map "zm_ice_attack") (file "addons/amxmodx/logs/error_20200510.log")
L 05/10/2020 - 06:20:42: [AMXX] Invalid Plugin (plugin "zp50_item_antidote_gun.amxx")
L 05/10/2020 - 06:45:24: Start of error session.
L 05/10/2020 - 06:45:24: Info (map "zm_minecraft") (file "addons/amxmodx/logs/error_20200510.log")
L 05/10/2020 - 06:45:24: [AMXX] Invalid Plugin (plugin "zp50_item_antidote_gun.amxx")
L 05/10/2020 - 06:47:37: [AMXX] Run time error 4 (plugin "zp_server_addon_countdown.amxx") - debug not enabled!
L 05/10/2020 - 06:47:37: [AMXX] To enable debug mode, add "debug" after the plugin name in plugins.ini (without quotes).
L 05/10/2020 - 07:12:10: Start of error session.
L 05/10/2020 - 07:12:10: Info (map "zm_minecraft") (file "addons/amxmodx/logs/error_20200510.log")
L 05/10/2020 - 07:12:10: [AMXX] Invalid Plugin (plugin "zp50_item_antidote_gun.amxx")
L 05/10/2020 - 07:15:35: Start of error session.
L 05/10/2020 - 07:15:35: Info (map "zm_assault_attack") (file "addons/amxmodx/logs/error_20200510.log")
L 05/10/2020 - 07:15:35: [AMXX] Invalid Plugin (plugin "zp50_item_antidote_gun.amxx")
L 05/10/2020 - 07:45:46: Start of error session.
L 05/10/2020 - 07:45:46: Info (map "zm_dust2_2x2") (file "addons/amxmodx/logs/error_20200510.log")
L 05/10/2020 - 07:45:46: [AMXX] Invalid Plugin (plugin "zp50_item_antidote_gun.amxx")
L 05/10/2020 - 08:15:56: Start of error session.
L 05/10/2020 - 08:15:56: Info (map "zm_ice_attack") (file "addons/amxmodx/logs/error_20200510.log")
L 05/10/2020 - 08:15:56: [AMXX] Invalid Plugin (plugin "zp50_item_antidote_gun.amxx")
L 05/10/2020 - 08:44:41: Start of error session.
L 05/10/2020 - 08:44:41: Info (map "zm_assault_attack") (file "addons/amxmodx/logs/error_20200510.log")
L 05/10/2020 - 08:44:41: [AMXX] Invalid Plugin (plugin "zp50_item_antidote_gun.amxx")
L 05/10/2020 - 08:46:08: Start of error session.
L 05/10/2020 - 08:46:08: Info (map "zm_minecraft") (file "addons/amxmodx/logs/error_20200510.log")
L 05/10/2020 - 08:46:08: [AMXX] Invalid Plugin (plugin "zp50_item_antidote_gun.amxx")
L 05/10/2020 - 08:54:46: Start of error session.
L 05/10/2020 - 08:54:46: Info (map "zm_fun_world_2") (file "addons/amxmodx/logs/error_20200510.log")
L 05/10/2020 - 08:54:46: [AMXX] Invalid Plugin (plugin "zp50_item_antidote_gun.amxx")
L 05/10/2020 - 08:54:59: Start of error session.
L 05/10/2020 - 08:54:59: Info (map "zm_fun_world_2") (file "addons/amxmodx/logs/error_20200510.log")
L 05/10/2020 - 08:54:59: [AMXX] Invalid Plugin (plugin "zp50_item_antidote_gun.amxx")
L 05/10/2020 - 08:59:29: Start of error session.
L 05/10/2020 - 08:59:29: Info (map "zm_fun_world_2") (file "addons/amxmodx/logs/error_20200510.log")
L 05/10/2020 - 08:59:29: [AMXX] Invalid Plugin (plugin "zp50_item_antidote_gun.amxx")
L 05/10/2020 - 09:32:03: Start of error session.
L 05/10/2020 - 09:32:03: Info (map "zm_dust2_2x2") (file "addons/amxmodx/logs/error_20200510.log")
L 05/10/2020 - 09:32:03: [AMXX] Invalid Plugin (plugin "zp50_item_antidote_gun.amxx")
L 05/10/2020 - 10:17:11: [AMXX] Run time error 4 (plugin "zp_server_addon_countdown.amxx") - debug not enabled!
L 05/10/2020 - 10:17:11: [AMXX] To enable debug mode, add "debug" after the plugin name in plugins.ini (without quotes).
L 05/10/2020 - 10:33:26: Start of error session.
L 05/10/2020 - 10:33:26: Info (map "zm_ice_attack") (file "addons/amxmodx/logs/error_20200510.log")
L 05/10/2020 - 10:33:26: [AMXX] Invalid Plugin (plugin "zp50_item_antidote_gun.amxx")
L 05/10/2020 - 11:45:14: Start of error session.
L 05/10/2020 - 11:45:14: Info (map "zm_minecraft") (file "addons/amxmodx/logs/error_20200510.log")
L 05/10/2020 - 11:45:14: [AMXX] Invalid Plugin (plugin "zp50_item_antidote_gun.amxx")
L 05/10/2020 - 12:57:03: Start of error session.
L 05/10/2020 - 12:57:03: Info (map "zm_assault_attack") (file "addons/amxmodx/logs/error_20200510.log")
L 05/10/2020 - 12:57:03: [AMXX] Invalid Plugin (plugin "zp50_item_antidote_gun.amxx")
L 05/10/2020 - 14:08:51: Start of error session.
L 05/10/2020 - 14:08:51: Info (map "zm_dust2_2x2") (file "addons/amxmodx/logs/error_20200510.log")
L 05/10/2020 - 14:08:51: [AMXX] Invalid Plugin (plugin "zp50_item_antidote_gun.amxx")
