L 05/10/2020 - 00:10:53: [mapchooser.amxx] Vote: Voting for the nextmap started
L 05/10/2020 - 00:11:08: [mapchooser.amxx] Vote: Voting for the nextmap finished. The nextmap will be zm_ice_attack
L 05/10/2020 - 00:13:02: -------- Mapchange to zm_ice_attack --------
L 05/10/2020 - 00:20:24: -------- Mapchange to zm_minecraft --------
L 05/10/2020 - 00:41:03: [mapchooser.amxx] Vote: Voting for the nextmap started
L 05/10/2020 - 00:41:18: [mapchooser.amxx] Vote: Voting for the nextmap finished. The nextmap will be zm_minecraft
L 05/10/2020 - 00:43:13: -------- Mapchange to zm_minecraft --------
L 05/10/2020 - 00:48:26: [mapchooser.amxx] Vote: Voting for the nextmap started
L 05/10/2020 - 00:48:41: [mapchooser.amxx] Vote: Voting for the nextmap finished. The nextmap will be zm_assault_attack
L 05/10/2020 - 01:11:14: [mapchooser.amxx] Vote: Voting for the nextmap started
L 05/10/2020 - 01:11:29: [mapchooser.amxx] Vote: Voting for the nextmap finished. The nextmap will be zm_assault_attack
L 05/10/2020 - 01:11:52: -------- Mapchange to zm_assault_attack --------
L 05/10/2020 - 01:13:23: -------- Mapchange to zm_assault_attack --------
L 05/10/2020 - 01:39:54: [mapchooser.amxx] Vote: Voting for the nextmap started
L 05/10/2020 - 01:40:09: [mapchooser.amxx] Vote: Voting for the nextmap finished. The nextmap will be zm_dust2_2x2
L 05/10/2020 - 01:41:25: [mapchooser.amxx] Vote: Voting for the nextmap started
L 05/10/2020 - 01:41:40: [mapchooser.amxx] Vote: Voting for the nextmap finished. The nextmap will be zm_dust2_2x2
L 05/10/2020 - 01:43:34: -------- Mapchange to zm_dust2_2x2 --------
L 05/10/2020 - 02:03:20: -------- Mapchange to zm_dust2_2x2 --------
L 05/10/2020 - 02:11:36: [mapchooser.amxx] Vote: Voting for the nextmap started
L 05/10/2020 - 02:11:51: [mapchooser.amxx] Vote: Voting for the nextmap finished. The nextmap will be zm_ice_attack
L 05/10/2020 - 02:13:45: -------- Mapchange to zm_ice_attack --------
L 05/10/2020 - 02:31:21: [mapchooser.amxx] Vote: Voting for the nextmap started
L 05/10/2020 - 02:31:36: [mapchooser.amxx] Vote: Voting for the nextmap finished. The nextmap will be zm_ice_attack
L 05/10/2020 - 02:41:47: [mapchooser.amxx] Vote: Voting for the nextmap started
L 05/10/2020 - 02:42:02: [mapchooser.amxx] Vote: Voting for the nextmap finished. The nextmap will be zm_minecraft
L 05/10/2020 - 02:43:56: -------- Mapchange to zm_minecraft --------
L 05/10/2020 - 02:54:47: -------- Mapchange to zm_ice_attack --------
L 05/10/2020 - 03:11:58: [mapchooser.amxx] Vote: Voting for the nextmap started
L 05/10/2020 - 03:12:13: [mapchooser.amxx] Vote: Voting for the nextmap finished. The nextmap will be zm_assault_attack
L 05/10/2020 - 03:14:07: -------- Mapchange to zm_assault_attack --------
L 05/10/2020 - 03:22:49: [mapchooser.amxx] Vote: Voting for the nextmap started
L 05/10/2020 - 03:23:04: [mapchooser.amxx] Vote: Voting for the nextmap finished. The nextmap will be zm_minecraft
L 05/10/2020 - 03:42:08: [mapchooser.amxx] Vote: Voting for the nextmap started
L 05/10/2020 - 03:42:24: [mapchooser.amxx] Vote: Voting for the nextmap finished. The nextmap will be zm_dust2_2x2
L 05/10/2020 - 03:44:18: -------- Mapchange to zm_dust2_2x2 --------
L 05/10/2020 - 03:46:15: -------- Mapchange to zm_minecraft --------
L 05/10/2020 - 04:12:19: [mapchooser.amxx] Vote: Voting for the nextmap started
L 05/10/2020 - 04:12:34: [mapchooser.amxx] Vote: Voting for the nextmap finished. The nextmap will be zm_ice_attack
L 05/10/2020 - 04:14:17: [mapchooser.amxx] Vote: Voting for the nextmap started
L 05/10/2020 - 04:14:28: -------- Mapchange to zm_ice_attack --------
L 05/10/2020 - 04:14:32: [mapchooser.amxx] Vote: Voting for the nextmap finished. The nextmap will be zm_assault_attack
L 05/10/2020 - 04:37:43: -------- Mapchange to zm_assault_attack --------
L 05/10/2020 - 04:41:24: [zm_vip.amxx] ML_NOTFOUND: AUTHORISED
L 05/10/2020 - 04:41:38: [zm_vip.amxx] ML_NOTFOUND: AUTHORISED
L 05/10/2020 - 04:42:30: [mapchooser.amxx] Vote: Voting for the nextmap started
L 05/10/2020 - 04:42:45: [mapchooser.amxx] Vote: Voting for the nextmap finished. The nextmap will be zm_minecraft
L 05/10/2020 - 04:44:39: -------- Mapchange to zm_minecraft --------
L 05/10/2020 - 05:05:44: [mapchooser.amxx] Vote: Voting for the nextmap started
L 05/10/2020 - 05:05:59: [mapchooser.amxx] Vote: Voting for the nextmap finished. The nextmap will be zm_dust2_2x2
L 05/10/2020 - 05:12:41: [mapchooser.amxx] Vote: Voting for the nextmap started
L 05/10/2020 - 05:12:56: [mapchooser.amxx] Vote: Voting for the nextmap finished. The nextmap will be zm_assault_attack
L 05/10/2020 - 05:14:50: -------- Mapchange to zm_assault_attack --------
L 05/10/2020 - 05:22:08: [zm_vip.amxx] ML_NOTFOUND: AUTHORISED
L 05/10/2020 - 05:29:13: -------- Mapchange to zm_dust2_2x2 --------
L 05/10/2020 - 05:29:16: [zm_vip.amxx] ML_NOTFOUND: AUTHORISED
L 05/10/2020 - 05:29:20: [zm_vip.amxx] ML_NOTFOUND: AUTHORISED
L 05/10/2020 - 05:42:52: [mapchooser.amxx] Vote: Voting for the nextmap started
L 05/10/2020 - 05:43:07: [mapchooser.amxx] Vote: Voting for the nextmap finished. The nextmap will be zm_dust2_2x2
L 05/10/2020 - 05:45:01: -------- Mapchange to zm_dust2_2x2 --------
L 05/10/2020 - 05:57:15: [mapchooser.amxx] Vote: Voting for the nextmap started
L 05/10/2020 - 05:57:30: [mapchooser.amxx] Vote: Voting for the nextmap finished. The nextmap will be zm_ice_attack
L 05/10/2020 - 06:13:02: [mapchooser.amxx] Vote: Voting for the nextmap started
L 05/10/2020 - 06:13:17: [mapchooser.amxx] Vote: Voting for the nextmap finished. The nextmap will be zm_ice_attack
L 05/10/2020 - 06:15:11: -------- Mapchange to zm_ice_attack --------
L 05/10/2020 - 06:20:41: -------- Mapchange to zm_ice_attack --------
L 05/10/2020 - 06:43:13: [mapchooser.amxx] Vote: Voting for the nextmap started
L 05/10/2020 - 06:43:28: [mapchooser.amxx] Vote: Voting for the nextmap finished. The nextmap will be zm_minecraft
L 05/10/2020 - 06:45:22: -------- Mapchange to zm_minecraft --------
L 05/10/2020 - 06:48:42: [mapchooser.amxx] Vote: Voting for the nextmap started
L 05/10/2020 - 06:48:57: [mapchooser.amxx] Vote: Voting for the nextmap finished. The nextmap will be zm_minecraft
L 05/10/2020 - 07:12:08: -------- Mapchange to zm_minecraft --------
L 05/10/2020 - 07:13:24: [mapchooser.amxx] Vote: Voting for the nextmap started
L 05/10/2020 - 07:13:39: [mapchooser.amxx] Vote: Voting for the nextmap finished. The nextmap will be zm_assault_attack
L 05/10/2020 - 07:15:33: -------- Mapchange to zm_assault_attack --------
L 05/10/2020 - 07:37:19: [zm_vip.amxx] ML_NOTFOUND: AUTHORISED
L 05/10/2020 - 07:37:34: [zm_vip.amxx] ML_NOTFOUND: AUTHORISED
L 05/10/2020 - 07:43:35: [mapchooser.amxx] Vote: Voting for the nextmap started
L 05/10/2020 - 07:43:50: [mapchooser.amxx] Vote: Voting for the nextmap finished. The nextmap will be zm_dust2_2x2
L 05/10/2020 - 07:45:44: -------- Mapchange to zm_dust2_2x2 --------
L 05/10/2020 - 08:13:46: [mapchooser.amxx] Vote: Voting for the nextmap started
L 05/10/2020 - 08:14:01: [mapchooser.amxx] Vote: Voting for the nextmap finished. The nextmap will be zm_ice_attack
L 05/10/2020 - 08:15:55: -------- Mapchange to zm_ice_attack --------
L 05/10/2020 - 08:42:25: [mapchooser.amxx] Vote: Voting for the nextmap started
L 05/10/2020 - 08:42:40: [mapchooser.amxx] Vote: Voting for the nextmap finished. The nextmap will be zm_assault_attack
L 05/10/2020 - 08:43:56: [mapchooser.amxx] Vote: Voting for the nextmap started
L 05/10/2020 - 08:44:12: [mapchooser.amxx] Vote: Voting for the nextmap finished. The nextmap will be zm_minecraft
L 05/10/2020 - 08:44:39: -------- Mapchange to zm_assault_attack --------
L 05/10/2020 - 08:46:06: -------- Mapchange to zm_minecraft --------
L 05/10/2020 - 08:54:44: -------- Mapchange to zm_fun_world_2 --------
L 05/10/2020 - 08:54:46: Invalid multi-lingual line (file "cstrike/addons/amxmodx/data/lang/zm_vip.txt" line 1)
L 05/10/2020 - 08:54:57: -------- Mapchange to zm_fun_world_2 --------
L 05/10/2020 - 08:54:59: Invalid multi-lingual line (file "cstrike/addons/amxmodx/data/lang/zm_vip.txt" line 1)
L 05/10/2020 - 08:55:20: [admin.amxx] Login: "DeathBlood<1><STEAM_0:0:921993139><>" became an admin (account "DeathBlood") (access "cdefu") (address "46.118.144.114")
L 05/10/2020 - 08:59:27: -------- Mapchange to zm_fun_world_2 --------
L 05/10/2020 - 08:59:29: Invalid multi-lingual line (file "cstrike/addons/amxmodx/data/lang/zm_vip.txt" line 1)
L 05/10/2020 - 08:59:37: [admin.amxx] Login: "DeathBlood<1><STEAM_0:0:921993139><>" became an admin (account "DeathBlood") (access "cdefu") (address "46.118.144.114")
L 05/10/2020 - 09:29:44: [mapchooser.amxx] Vote: Voting for the nextmap started
L 05/10/2020 - 09:30:00: [mapchooser.amxx] Vote: Voting for the nextmap finished. The nextmap will be zm_dust2_2x2
L 05/10/2020 - 09:32:02: -------- Mapchange to zm_dust2_2x2 --------
L 05/10/2020 - 09:42:45: [zm_vip.amxx] ML_NOTFOUND: AUTHORISED
L 05/10/2020 - 09:44:09: [zm_vip.amxx] ML_NOTFOUND: AUTHORISED
L 05/10/2020 - 09:44:12: [zm_vip.amxx] ML_NOTFOUND: AUTHORISED
L 05/10/2020 - 10:06:50: [zm_vip.amxx] ML_NOTFOUND: AUTHORISED
L 05/10/2020 - 10:31:18: [mapchooser.amxx] Vote: Voting for the nextmap started
L 05/10/2020 - 10:31:34: [mapchooser.amxx] Vote: Voting for the nextmap finished. The nextmap will be zm_ice_attack
L 05/10/2020 - 10:33:24: -------- Mapchange to zm_ice_attack --------
L 05/10/2020 - 10:40:48: [zm_vip.amxx] ML_NOTFOUND: AUTHORISED
L 05/10/2020 - 11:01:25: [mapchooser.amxx] Vote: Voting for the nextmap started
L 05/10/2020 - 11:01:41: [mapchooser.amxx] Vote: Voting for the nextmap finished. The nextmap will be zm_minecraft
L 05/10/2020 - 11:42:56: [mapchooser.amxx] Vote: Voting for the nextmap started
L 05/10/2020 - 11:43:11: [mapchooser.amxx] Vote: Voting for the nextmap finished. The nextmap will be zm_minecraft
L 05/10/2020 - 11:45:12: -------- Mapchange to zm_minecraft --------
L 05/10/2020 - 12:13:14: [mapchooser.amxx] Vote: Voting for the nextmap started
L 05/10/2020 - 12:13:29: [mapchooser.amxx] Vote: Voting for the nextmap finished. The nextmap will be zm_assault_attack
L 05/10/2020 - 12:57:01: -------- Mapchange to zm_assault_attack --------
L 05/10/2020 - 13:25:03: [mapchooser.amxx] Vote: Voting for the nextmap started
L 05/10/2020 - 13:25:18: [mapchooser.amxx] Vote: Voting for the nextmap finished. The nextmap will be zm_dust2_2x2
L 05/10/2020 - 14:07:09: [admin.amxx] Login: "DeathBlood<45><STEAM_0:0:921993139><>" became an admin (account "DeathBlood") (access "cdefu") (address "46.118.144.114")
L 05/10/2020 - 14:08:49: -------- Mapchange to zm_dust2_2x2 --------
L 05/10/2020 - 14:36:51: [mapchooser.amxx] Vote: Voting for the nextmap started
L 05/10/2020 - 14:37:06: [mapchooser.amxx] Vote: Voting for the nextmap finished. The nextmap will be zm_ice_attack
